2026-06-13 15:50:17 - Starting SpringBootAppApplication using Java 17.0.19 with PID 14008 (C:\Users\nawmu\Downloads\spring-boot-app\spring-boot-app\build\classes\java\main started by nawmu in C:\Users\nawmu\Downloads\spring-boot-app\spring-boot-app)
2026-06-13 15:50:17 - No active profile set, falling back to 1 default profile: "default"
2026-06-13 15:50:18 - HV000001: Hibernate Validator 9.0.1.Final
2026-06-13 15:50:18 - Bootstrapping Spring Data JPA repositories in DEFAULT mode.
2026-06-13 15:50:18 - Finished Spring Data repository scanning in 58 ms. Found 2 JPA repository interfaces.
2026-06-13 15:50:19 - Tomcat initialized with port 9999 (http)
2026-06-13 15:50:19 - Initializing ProtocolHandler ["http-nio-9999"]
2026-06-13 15:50:19 - Starting service [Tomcat]
2026-06-13 15:50:19 - Starting Servlet engine: [Apache Tomcat/11.0.21]
2026-06-13 15:50:19 - Root WebApplicationContext: initialization completed in 2179 ms
2026-06-13 15:50:20 - HikariPool-1 - Starting...
2026-06-13 15:50:20 - HikariPool-1 - Added connection com.mysql.cj.jdbc.ConnectionImpl@1bfa3893
2026-06-13 15:50:20 - HikariPool-1 - Start completed.
2026-06-13 15:50:20 - Database: jdbc:mysql://localhost:3306/atm_db (MySQL 8.0)
2026-06-13 15:50:20 - Successfully validated 2 migrations (execution time 00:00.076s)
2026-06-13 15:50:20 - Current version of schema `atm_db`: 1
2026-06-13 15:50:20 - Schema `atm_db` is up to date. No migration necessary.
2026-06-13 15:50:21 - HHH008540: Processing PersistenceUnitInfo [name: default]
2026-06-13 15:50:21 - HHH000001: Hibernate ORM core version 7.2.12.Final
2026-06-13 15:50:21 - No LoadTimeWeaver setup: ignoring JPA class transformer
2026-06-13 15:50:22 - HHH10001005: Database info:
	Database JDBC URL [jdbc:mysql://localhost:3306/atm_db]
	Database driver: MySQL Connector/J
	Database dialect: MySQLDialect
	Database version: 8.0.46
	Default catalog/schema: atm_db/undefined
	Autocommit mode: undefined/unknown
	Isolation level: REPEATABLE_READ [default REPEATABLE_READ]
	JDBC fetch size: none
	Pool: DataSourceConnectionProvider
	Minimum pool size: undefined/unknown
	Maximum pool size: undefined/unknown
2026-06-13 15:50:23 - HHH000489: No JTA platform available (set 'hibernate.transaction.jta.platform' to enable JTA platform integration)
2026-06-13 15:50:23 - Initialized JPA EntityManagerFactory for persistence unit 'default'
2026-06-13 15:50:23 - Hibernate is in classpath; If applicable, HQL parser will be used.
2026-06-13 15:50:23 - spring.jpa.open-in-view is enabled by default. Therefore, database queries may be performed during view rendering. Explicitly configure spring.jpa.open-in-view to disable this warning
2026-06-13 15:50:24 - Global AuthenticationManager configured with UserDetailsService bean with name inMemoryUserDetailsManager
2026-06-13 15:50:24 - Adding welcome page template: index
2026-06-13 15:50:24 - Starting ProtocolHandler ["http-nio-9999"]
2026-06-13 15:50:24 - Tomcat started on port 9999 (http) with context path '/'
2026-06-13 15:50:24 - Started SpringBootAppApplication in 7.749 seconds (process running for 9.031)
2026-06-13 15:50:28 - Initializing Spring DispatcherServlet 'dispatcherServlet'
2026-06-13 15:50:28 - Initializing Servlet 'dispatcherServlet'
2026-06-13 15:50:28 - Completed initialization in 1 ms
2026-06-13 15:50:29 - Init duration for springdoc-openapi is: 292 ms
2026-06-13 16:05:37 - Commencing graceful shutdown. Waiting for active requests to complete
2026-06-13 16:05:37 - Graceful shutdown complete
2026-06-13 16:05:37 - Closing JPA EntityManagerFactory for persistence unit 'default'
2026-06-13 16:05:37 - HikariPool-1 - Shutdown initiated...
2026-06-13 16:05:37 - HikariPool-1 - Shutdown completed.
